<?xml version="1.0" encoding="UTF-8"?>
<testsuite xmlns:xsi="http://www.w3.org/2001/XMLSchema-instance" xsi:noNamespaceSchemaLocation="https://maven.apache.org/surefire/maven-surefire-plugin/xsd/surefire-test-report.xsd" name="com.abdcbank.AppTest" time="0.041" tests="1" errors="0" skipped="0" failures="0">
  <properties>
    <property name="java.specification.version" value="17"/>
    <property name="sun.cpu.isalist" value="amd64"/>
    <property name="sun.jnu.encoding" value="Cp1252"/>
    <property name="java.class.path" value="c:\Users\xaxole98\Desktop\Trabajo\Clases\WorkSpace\Bytebank\demo\target\test-classes;c:\Users\xaxole98\Desktop\Trabajo\Clases\WorkSpace\Bytebank\demo\target\classes;C:\Users\xaxole98\.m2\repository\junit\junit\4.11\junit-4.11.jar;C:\Users\xaxole98\.m2\repository\org\hamcrest\hamcrest-core\1.3\hamcrest-core-1.3.jar;"/>
    <property name="java.vm.vendor" value="Eclipse Adoptium"/>
    <property name="sun.arch.data.model" value="64"/>
    <property name="user.variant" value=""/>
    <property name="java.vendor.url" value="https://adoptium.net/"/>
    <property name="user.timezone" value="America/Bogota"/>
    <property name="os.name" value="Windows 11"/>
    <property name="java.vm.specification.version" value="17"/>
    <property name="sun.java.launcher" value="SUN_STANDARD"/>
    <property name="user.country" value="MX"/>
    <property name="sun.boot.library.path" value="C:\Program Files\Eclipse Adoptium\jdk-17.0.7.7-hotspot\bin"/>
    <property name="sun.java.command" value="C:\Users\xaxole98\AppData\Local\Temp\surefire4743456490145293570\surefirebooter6664954333862620392.jar C:\Users\xaxole98\AppData\Local\Temp\surefire4743456490145293570 2023-09-04T09-13-11_756-jvmRun1 surefire8494227514663824691tmp surefire_014558686815150473973tmp"/>
    <property name="jdk.debug" value="release"/>
    <property name="surefire.test.class.path" value="c:\Users\xaxole98\Desktop\Trabajo\Clases\WorkSpace\Bytebank\demo\target\test-classes;c:\Users\xaxole98\Desktop\Trabajo\Clases\WorkSpace\Bytebank\demo\target\classes;C:\Users\xaxole98\.m2\repository\junit\junit\4.11\junit-4.11.jar;C:\Users\xaxole98\.m2\repository\org\hamcrest\hamcrest-core\1.3\hamcrest-core-1.3.jar;"/>
    <property name="sun.cpu.endian" value="little"/>
    <property name="user.home" value="C:\Users\xaxole98"/>
    <property name="user.language" value="es"/>
    <property name="java.specification.vendor" value="Oracle Corporation"/>
    <property name="java.version.date" value="2023-04-18"/>
    <property name="java.home" value="C:\Program Files\Eclipse Adoptium\jdk-17.0.7.7-hotspot"/>
    <property name="file.separator" value="\"/>
    <property name="basedir" value="c:\Users\xaxole98\Desktop\Trabajo\Clases\WorkSpace\Bytebank\demo"/>
    <property name="java.vm.compressedOopsMode" value="Zero based"/>
    <property name="line.separator" value="&#10;"/>
    <property name="java.vm.specification.vendor" value="Oracle Corporation"/>
    <property name="java.specification.name" value="Java Platform API Specification"/>
    <property name="surefire.real.class.path" value="C:\Users\xaxole98\AppData\Local\Temp\surefire4743456490145293570\surefirebooter6664954333862620392.jar"/>
    <property name="user.script" value=""/>
    <property name="sun.management.compiler" value="HotSpot 64-Bit Tiered Compilers"/>
    <property name="java.runtime.version" value="17.0.7+7"/>
    <property name="user.name" value="xaxole98"/>
    <property name="path.separator" value=";"/>
    <property name="os.version" value="10.0"/>
    <property name="java.runtime.name" value="OpenJDK Runtime Environment"/>
    <property name="file.encoding" value="Cp1252"/>
    <property name="java.vm.name" value="OpenJDK 64-Bit Server VM"/>
    <property name="java.vendor.version" value="Temurin-17.0.7+7"/>
    <property name="localRepository" value="C:\Users\xaxole98\.m2\repository"/>
    <property name="java.vendor.url.bug" value="https://github.com/adoptium/adoptium-support/issues"/>
    <property name="java.io.tmpdir" value="C:\Users\xaxole98\AppData\Local\Temp\"/>
    <property name="java.version" value="17.0.7"/>
    <property name="user.dir" value="c:\Users\xaxole98\Desktop\Trabajo\Clases\WorkSpace\Bytebank\demo"/>
    <property name="os.arch" value="amd64"/>
    <property name="java.vm.specification.name" value="Java Virtual Machine Specification"/>
    <property name="sun.os.patch.level" value=""/>
    <property name="native.encoding" value="Cp1252"/>
    <property name="java.library.path" value="C:\Program Files\Eclipse Adoptium\jdk-17.0.7.7-hotspot\bin;C:\WINDOWS\Sun\Java\bin;C:\WINDOWS\system32;C:\WINDOWS;C:\Program Files\PowerShell\7;C:\Maven\bin;C:\Program Files\Eclipse Adoptium\jdk-17.0.7.7-hotspot\bin;C:\Program Files\Common Files\Oracle\Java\javapath;C:\Program Files\ImageMagick-7.1.0-Q16-HDRI;C:\Program Files\nodejs\;C:\Python36\Scripts\;C:\Python36\;C:\WINDOWS\system32;C:\WINDOWS;C:\Program Files\Microsoft\jdk-11.0.12.7-hotspot\bin;C:\WINDOWS\System32\Wbem;C:\WINDOWS\System32\WindowsPowerShell\v1.0\;C:\ProgramData\chocolatey\choco.exe;C:\ProgramData\chocolatey\choco.exe\bin;C:\Users\xaxole98\AppData\Local\Packages\PythonSoftwareFoundation.Python.3.10_qbz5n2kfra8p0\LocalCache\local-packages;C:\Users\xaxole98\AppData\Local\Packages\PythonSoftwareFoundation.Python.3.10_qbz5n2kfra8p0\LocalCache\local-packages\Python310\Scripts;C:\Program Files\WindowsApps\PythonSoftwareFoundation.Python.3.10_3.10.2544.0_x64__qbz5n2kfra8p0\lib\subprocess.py;C:\Windows\System32\Wbem;C:\Windows\System32\Wbem;C:\Users\xaxole98\AppData\Roaming\npm;&quot;C:\Program Files\nodejs\node.exe;&quot;;.\node_modules\.bin;C:\ffmpeg\bin;C:\Users\xaxole98\appdata\local\programs\python\python311\lib\site-packages\ffmpeg;C:\Users\xaxole98\AppData\Local\Programs\Python\Python311\Lib\site-packages\pydub\;C:\Program Files\eSpeak NG\;C:\Program Files\NVIDIA Corporation\NVIDIA NvDLISR;C:\Program Files\dotnet\;C:\Program Files\NVIDIA Corporation\Nsight Compute 2019.5.0\;C:\Users\xaxole98\AppData\Local\Programs\Python\Python311\python.exe;C:\Program Files\Git\cmd;C:\WINDOWS\system32\config\systemprofile\AppData\Local\Microsoft\WindowsApps;C:\Program Files\PowerShell\7;C:\Maven\bin;C:\Users\xaxole98\AppData\Local\Programs\Python\Python311\Scripts\;C:\Users\xaxole98\AppData\Local\Programs\Python\Python311\;%xaxole98%\AppData\Local\Microsoft\WindowsApps;C:\Users\xaxole98\AppData\Roaming\npm;D:\Microsoft VS Code\bin;C:\ffmpeg\bin;C:\Users\xaxole98\appdata\local\programs\python\python311\lib\site-packages\ffmpeg;C:\Users\xaxole98\AppData\Local\Programs\Python\Python311\Lib\site-packages\pydub\;C:\Program Files\eSpeak NG;C:\Users\xaxole98\.dotnet\tools;C:\Users\xaxole98\AppData\Local\Programs\Python\Python311\python.exe;C:\Users\xaxole98\AppData\Local\Programs\oh-my-posh\bin;;."/>
    <property name="java.vm.info" value="mixed mode, sharing"/>
    <property name="java.vendor" value="Eclipse Adoptium"/>
    <property name="java.vm.version" value="17.0.7+7"/>
    <property name="sun.io.unicode.encoding" value="UnicodeLittle"/>
    <property name="java.class.version" value="61.0"/>
  </properties>
  <testcase name="shouldAnswerWithTrue" classname="com.abdcbank.AppTest" time="0.001"/>
</testsuite>